<?xml version='1.0' encoding='UTF-8'?>
<testsuite hostname="LAPTOP-G337QS9I" name="wikipedia.WikipediaSuite" tests="5" errors="0" failures="0" skipped="0" time="14.706" timestamp="2023-04-20T19:23:13">
          <properties>
      <property name="awt.toolkit" value="sun.awt.windows.WToolkit"/><property name="java.specification.version" value="11"/><property name="sun.cpu.isalist" value="amd64"/><property name="sun.jnu.encoding" value="Cp1252"/><property name="sun.arch.data.model" value="64"/><property name="java.vendor.url" value="https://openjdk.java.net/"/><property name="sun.boot.library.path" value="C:\Java\jdk-11.0.18\bin"/><property name="sun.java.command" value="xsbt.boot.Boot"/><property name="jdk.debug" value="release"/><property name="sun.stderr.encoding" value="cp437"/><property name="java.specification.vendor" value="Oracle Corporation"/><property name="java.version.date" value="2023-01-17"/><property name="java.home" value="C:\Java\jdk-11.0.18"/><property name="file.separator" value="\"/><property name="java.vm.compressedOopsMode" value="32-bit"/><property name="line.separator" value="
"/><property name="sun.stdout.encoding" value="cp437"/><property name="java.specification.name" value="Java Platform API Specification"/><property name="java.vm.specification.vendor" value="Oracle Corporation"/><property name="user.script" value=""/><property name="sun.management.compiler" value="HotSpot 64-Bit Tiered Compilers"/><property name="java.runtime.version" value="11.0.18+9-LTS-195"/><property name="user.name" value="crdne"/><property name="log4j.ignoreTCL" value="true"/><property name="file.encoding" value="UTF-8"/><property name="jnidispatch.path" value="C:\Users\crdne\AppData\Local\Temp\jna-94924364\jna9452092464168829955.dll"/><property name="java.vendor.version" value="18.9"/><property name="jna.loaded" value="true"/><property name="java.io.tmpdir" value="C:\Users\crdne\AppData\Local\Temp\"/><property name="java.version" value="11.0.18"/><property name="java.vm.specification.name" value="Java Virtual Machine Specification"/><property name="java.awt.printerjob" value="sun.awt.windows.WPrinterJob"/><property name="sun.os.patch.level" value=""/><property name="java.library.path" value="C:\Java\jdk-11.0.18\bin;C:\Windows\Sun\Java\bin;C:\Windows\system32;C:\Windows;C:\Java\jdk-11.0.18\bin;C:\Program Files\Common Files\Oracle\Java\javapath;C:\Program Files (x86)\Common Files\Oracle\Java\javapath;C:\Windows\system32;C:\Windows;C:\Windows\System32\Wbem;C:\Windows\System32\WindowsPowerShell\v1.0\;C:\Windows\System32\OpenSSH\;C:\Program Files (x86)\NVIDIA Corporation\PhysX\Common;C:\Program Files\NVIDIA Corporation\NVIDIA NvDLISR;C:\Program Files\Git\cmd;C:\Android;C:\Program Files\dotnet\;C:\Program Files\ISC BIND 9\bin;C:\Java\jdk-11.0.18;C:\Java\jdk-11.0.18\bin;C:\bin;C:\msys64\mingw64\bin;C:\MinGW\bin;C:\Users\crdne\AppData\Local\Programs\Python\Python39\Scripts\;C:\src\flutter\bin\;C:\Users\crdne\AppData\Local\Programs\Python\Python39;C:\Program Files\JetBrains\IntelliJ IDEA Community Edition 2021.2.3\bin;C:\Users\crdne\AppData\Local\Programs\Microsoft VS Code\bin;."/><property name="java.vendor" value="Oracle Corporation"/><property name="scala.ext.dirs" value="C:\Users\crdne\.sbt\1.0\java9-rt-ext-oracle_corporation_11_0_18"/><property name="sun.io.unicode.encoding" value="UnicodeLittle"/><property name="sun.desktop" value="windows"/><property name="java.class.path" value="C:\\bin\sbt-launch.jar"/><property name="java.vm.vendor" value="Oracle Corporation"/><property name="user.variant" value=""/><property name="jline.shutdownhook" value="false"/><property name="user.timezone" value="America/New_York"/><property name="os.name" value="Windows 10"/><property name="java.vm.specification.version" value="11"/><property name="sun.java.launcher" value="SUN_STANDARD"/><property name="user.country" value="IN"/><property name="sun.cpu.endian" value="little"/><property name="user.home" value="C:\Users\crdne"/><property name="user.language" value="en"/><property name="sbt.ipcsocket.tmpdir" value="C:\Users\crdne\AppData\Local\Temp\.sbt4d10b850\ipcsocket"/><property name="swoval.tmpdir" value="C:\Users\crdne\AppData\Local\Temp\.sbt4d10b850\swoval"/><property name="java.awt.graphicsenv" value="sun.awt.Win32GraphicsEnvironment"/><property name="jline.esc.timeout" value="0"/><property name="path.separator" value=";"/><property name="os.version" value="10.0"/><property name="jna.nosys" value="true"/><property name="java.runtime.name" value="Java(TM) SE Runtime Environment"/><property name="java.vm.name" value="Java HotSpot(TM) 64-Bit Server VM"/><property name="java.vendor.url.bug" value="https://bugreport.java.com/bugreport/"/><property name="user.dir" value="C:\DeV\ScalaProjects\wikipedia"/><property name="os.arch" value="amd64"/><property name="java.vm.info" value="mixed mode"/><property name="java.vm.version" value="11.0.18+9-LTS-195"/><property name="java.class.version" value="55.0"/>
    </properties>
          <testcase classname="wikipedia.WikipediaSuite" name="'occurrencesOfLang' should work for (specific) RDD with one element" time="13.343">
                      
                    </testcase><testcase classname="wikipedia.WikipediaSuite" name="'rankLangs' should work for RDD with two elements" time="0.113">
                      
                    </testcase><testcase classname="wikipedia.WikipediaSuite" name="'makeIndex' creates a simple index with two entries" time="0.435">
                      
                    </testcase><testcase classname="wikipedia.WikipediaSuite" name="'rankLangsUsingIndex' should work for a simple RDD with three elements" time="0.297">
                      
                    </testcase><testcase classname="wikipedia.WikipediaSuite" name="'rankLangsReduceByKey' should work for a simple RDD with four elements" time="0.518">
                      
                    </testcase>
          <system-out><![CDATA[]]></system-out>
          <system-err><![CDATA[]]></system-err>
        </testsuite>